
Now Running /home/users/andalex/Desktop/EE271/rasterizer-fall-2024/simv
==================================================
mkdir -p sb_log mon_log
/home/users/andalex/Desktop/EE271/rasterizer-fall-2024/simv  -l /home/users/andalex/Desktop/EE271/rasterizer-fall-2024/simv.log  +testname=/afs/ir.stanford.edu/class/ee271/project/vect/vec_271_01_sv.dat 3>&1 | tee run_bb.log
Chronologic VCS simulator copyright 1991-2017
Contains Synopsys proprietary information.
Compiler version M-2017.03_Full64; Runtime version M-2017.03_Full64;  Dec  2 20:09 2024
time=         0 ************** Driver Is Initializing Input Signals *****************
time=         0 ************** Loading Arguments *****************
Simulation run with default random seed=12345
Simulation will timout after 50000000 cycles
Simulation will use test file /afs/ir.stanford.edu/class/ee271/project/vect/vec_271_01_sv.dat
Seed=      12345 
time=     15000 ************** Driver Is Initializing Test from File *****************
Setting screen params: w=800 h=600 msaa=16 RADIX = 10
time=     30000 ************** Initializing FB and ZB *****************
time=     30010 ************** Finished Init FB and ZB *****************
time=     45000 ************** Runnning Test *****************
time=     45000 ************** Driver Is Runnning Test -->/afs/ir.stanford.edu/class/ee271/project/vect/vec_271_01_sv.dat<-- *****************
time=     49000 	         0 samples processed,          0 of them hit
time= 104338000 	    100000 samples processed,      27972 of them hit
time= 208955000 	    200000 samples processed,      57366 of them hit
time= 313122000 	    300000 samples processed,      83168 of them hit
time= 417326000 	    400000 samples processed,     107243 of them hit
time= 520126000 	    500000 samples processed,     121244 of them hit
time= 623166000 	    600000 samples processed,     139792 of them hit
time= 623167000 	    600000 samples processed,     139792 of them hit
time= 727577000 	    700000 samples processed,     168063 of them hit
time= 831922000 	    800000 samples processed,     195063 of them hit
time= 936106000 	    900000 samples processed,     222780 of them hit
time=1039259000 	   1000000 samples processed,     241409 of them hit
time=1141975000 	   1100000 samples processed,     256913 of them hit
time=1244455000 	   1200000 samples processed,     271513 of them hit
time=1346445000 	   1300000 samples processed,     283021 of them hit
time=1448624000 	   1400000 samples processed,     294467 of them hit
time=1552499000 	   1500000 samples processed,     315794 of them hit
time=1552500000 	   1500000 samples processed,     315794 of them hit
time=1656696000 	   1600000 samples processed,     344521 of them hit
time=1760938000 	   1700000 samples processed,     371570 of them hit
time=1864691000 	   1800000 samples processed,     394566 of them hit
time=1968561000 	   1900000 samples processed,     419738 of them hit
time=2072837000 	   2000000 samples processed,     447533 of them hit
time=2177096000 	   2100000 samples processed,     474447 of them hit
time=2280423000 	   2200000 samples processed,     495143 of them hit
time=2383281000 	   2300000 samples processed,     513505 of them hit
time=2486625000 	   2400000 samples processed,     533926 of them hit
time=2590430000 	   2500000 samples processed,     558517 of them hit
time=2694375000 	   2600000 samples processed,     582599 of them hit
time=2798460000 	   2700000 samples processed,     608660 of them hit
time=2902029000 	   2800000 samples processed,     631187 of them hit
time=3005765000 	   2900000 samples processed,     652446 of them hit
time=3109641000 	   3000000 samples processed,     674104 of them hit
time=3213526000 	   3100000 samples processed,     697848 of them hit
time=3316685000 	   3200000 samples processed,     716883 of them hit
time=3420663000 	   3300000 samples processed,     741644 of them hit
time=3524943000 	   3400000 samples processed,     769697 of them hit
time=3628975000 	   3500000 samples processed,     793848 of them hit
time=3732763000 	   3600000 samples processed,     818071 of them hit
time=3836668000 	   3700000 samples processed,     843826 of them hit
time=3940590000 	   3800000 samples processed,     869948 of them hit
time=4044626000 	   3900000 samples processed,     897557 of them hit
time=4148556000 	   4000000 samples processed,     923450 of them hit
time=4252605000 	   4100000 samples processed,     948780 of them hit
time=4356552000 	   4200000 samples processed,     976665 of them hit
time=4460865000 	   4300000 samples processed,    1005771 of them hit
time=4564928000 	   4400000 samples processed,    1031542 of them hit
time=4668842000 	   4500000 samples processed,    1058682 of them hit
time=4772789000 	   4600000 samples processed,    1086101 of them hit
time=4874753000 	   4700000 samples processed,    1100051 of them hit
time=4978658000 	   4800000 samples processed,    1127708 of them hit
time=5082792000 	   4900000 samples processed,    1154301 of them hit
time=5186764000 	   5000000 samples processed,    1179186 of them hit
time=5290762000 	   5100000 samples processed,    1205904 of them hit
time=5394985000 	   5200000 samples processed,    1232565 of them hit
time=5498229000 	   5300000 samples processed,    1252551 of them hit
time=5602357000 	   5400000 samples processed,    1277004 of them hit
time=5705419000 	   5500000 samples processed,    1294988 of them hit
time=5809697000 	   5600000 samples processed,    1318938 of them hit
time=5913940000 	   5700000 samples processed,    1343319 of them hit
time=6018250000 	   5800000 samples processed,    1371291 of them hit
time=6122543000 	   5900000 samples processed,    1399934 of them hit
time=6226651000 	   6000000 samples processed,    1426748 of them hit
time=6330504000 	   6100000 samples processed,    1452649 of them hit
time=6434619000 	   6200000 samples processed,    1479998 of them hit
time=6538658000 	   6300000 samples processed,    1505352 of them hit
time=6642462000 	   6400000 samples processed,    1530075 of them hit
time=6746357000 	   6500000 samples processed,    1554966 of them hit
time=6850161000 	   6600000 samples processed,    1577858 of them hit
time=6953576000 	   6700000 samples processed,    1595147 of them hit
time=7056082000 	   6800000 samples processed,    1607816 of them hit
time=7159857000 	   6900000 samples processed,    1631714 of them hit
time=7263476000 	   7000000 samples processed,    1649695 of them hit
time=7367529000 	   7100000 samples processed,    1672532 of them hit
time=7367530000 	   7100000 samples processed,    1672532 of them hit
time=7471986000 	   7200000 samples processed,    1701251 of them hit
time=7576391000 	   7300000 samples processed,    1728850 of them hit
time=7680612000 	   7400000 samples processed,    1756982 of them hit
time=7784765000 	   7500000 samples processed,    1784987 of them hit
time=7888876000 	   7600000 samples processed,    1812742 of them hit
time=7993015000 	   7700000 samples processed,    1841167 of them hit
time=8097131000 	   7800000 samples processed,    1866210 of them hit
time=8201165000 	   7900000 samples processed,    1891142 of them hit
time=8305155000 	   8000000 samples processed,    1915982 of them hit
time=8408660000 	   8100000 samples processed,    1938566 of them hit
time=8511441000 	   8200000 samples processed,    1955417 of them hit
time=8613958000 	   8300000 samples processed,    1968456 of them hit
time=8717338000 	   8400000 samples processed,    1991040 of them hit
time=8821413000 	   8500000 samples processed,    2016688 of them hit
time=8925297000 	   8600000 samples processed,    2039016 of them hit
time=9029304000 	   8700000 samples processed,    2065672 of them hit
time=9133368000 	   8800000 samples processed,    2090244 of them hit
time=9237329000 	   8900000 samples processed,    2116697 of them hit
time=9237330000 	   8900000 samples processed,    2116697 of them hit
time=9341192000 	   9000000 samples processed,    2140117 of them hit
time=9444971000 	   9100000 samples processed,    2161556 of them hit
time=9546689000 	   9200000 samples processed,    2170618 of them hit
time=9649705000 	   9300000 samples processed,    2189533 of them hit
time=9753662000 	   9400000 samples processed,    2213995 of them hit
time=9858042000 	   9500000 samples processed,    2240523 of them hit
time=9961760000 	   9600000 samples processed,    2262672 of them hit
time=10065585000 	   9700000 samples processed,    2283354 of them hit
time=10169002000 	   9800000 samples processed,    2301591 of them hit
time=10273012000 	   9900000 samples processed,    2322056 of them hit
time=10377101000 	  10000000 samples processed,    2348063 of them hit
time=10481450000 	  10100000 samples processed,    2372925 of them hit
time=10585872000 	  10200000 samples processed,    2397751 of them hit
time=10689790000 	  10300000 samples processed,    2418105 of them hit
time=10793592000 	  10400000 samples processed,    2439912 of them hit
time=10897570000 	  10500000 samples processed,    2462490 of them hit
time=11001496000 	  10600000 samples processed,    2482967 of them hit
time=11105724000 	  10700000 samples processed,    2510612 of them hit
time=11209980000 	  10800000 samples processed,    2536516 of them hit
time=11314021000 	  10900000 samples processed,    2559439 of them hit
time=11417909000 	  11000000 samples processed,    2582869 of them hit
time=11522251000 	  11100000 samples processed,    2607049 of them hit
time=11589377000 ************** Driver Is Done *****************
time=11589392010 ************** Writing Final Image to File *****************
time=11589392030 ************** Finished Final Image to File *****************
time=11589392040 ********************FINISH***********************
Cycles:    11589344 triangle:      834537 sampleTests:    11164642 sampleHits:     2621620 

JJ: triangle / cycle : 0.072009 
JJ: cycle / triangle : 13.887154 
Total Triangles =      834537, valid triangles =      424701, culled  =      409836
$finish called from file "verif/testbench.sv", line 312.
$finish at simulation time          11589392040
           V C S   S i m u l a t i o n   R e p o r t 
Time: 11589392040 ns
CPU Time:    498.840 seconds;       Data structure size:   2.3Mb
Mon Dec  2 20:18:00 2024
