# Preference setting overrides
gui_create_pref_key -category {Globals} -key {load_detail_for_funcov} -value_type {bool} -value {false}

# State setting overrides
gui_state_default_create -off -ini
gui_create_state_key -category FindDialog -key m_pMatchCase -value_type bool -value false
gui_create_state_key -category FindDialog -key m_pMatchWord -value_type bool -value false
gui_create_state_key -category FindDialog -key m_pUseCombo -value_type string -value {}
gui_create_state_key -category FindDialog -key m_pWrapAround -value_type bool -value true
gui_state_default_create -off

# Begin command logging
gui_open_db -file wave.vpd
gui_list_expand -id  Hier.1   top_rast
gui_list_expand -id  Hier.1   top_rast.testbench
gui_list_expand -id  Hier.1   top_rast.testbench.bbx_sb
gui_list_collapse -id  Hier.1   top_rast.testbench.bbx_sb
gui_list_expand -id  Hier.1   top_rast.rast
gui_list_collapse -id  Hier.1   top_rast.rast
gui_list_collapse -id  Hier.1   top_rast.testbench
gui_list_expand -id  Hier.1   top_rast.testbench
gui_list_expand -id  Hier.1   top_rast.testbench.smpl_cnt_sb
gui_list_collapse -id  Hier.1   top_rast.testbench.smpl_cnt_sb
gui_list_expand -id  Hier.1   top_rast.testbench.perf_mon
gui_list_collapse -id  Hier.1   top_rast.testbench.perf_mon
gui_list_expand -id  Hier.1   top_rast.testbench.bbx_sb
gui_list_expand -id  Hier.1   top_rast.testbench.bbx_sb.d_01
gui_list_collapse -id  Hier.1   top_rast.testbench.bbx_sb.d_01
gui_list_collapse -id  Hier.1   top_rast.testbench.bbx_sb
gui_list_expand -id  Hier.1   top_rast.rast
gui_list_collapse -id  Hier.1   top_rast.testbench
gui_list_select -id Hier.1 -current_item_name top_rast.rast.bbox -current_item_type Scope  -selected  { top_rast.rast.bbox   }
gui_list_select -id Data.1 -selected  { {top_rast.rast.bbox.out_box_R10S[1:0][1:0][23:0]}   }
gui_list_select -id Data.1 -selected  { top_rast.rast.bbox.validTri_R10H   }
gui_data_toggle_value_annotate -id  Data.1   {top_rast.rast.bbox.validTri_R10H}
gui_data_toggle_value_annotate -id  Data.1   {top_rast.rast.bbox.validTri_R13H}
gui_list_select -id Data.1 -selected  { top_rast.rast.bbox.validTri_R13H   }
gui_list_action -id  Data.1 top_rast.rast.bbox.validTri_R13H
gui_list_set_filter -id Data.1 -reset
gui_list_select -id Data.1 -selected  { top_rast.rast.bbox.validTri_R10H   }
gui_list_action -id  Data.1 top_rast.rast.bbox.validTri_R10H
gui_open_window Wave
gui_list_add -id Wave.1 -from Data.1 { top_rast.rast.bbox.validTri_R10H } -insertionbar
gui_list_select -id Wave.1 -selected  { top_rast.rast.bbox.validTri_R10H   }
gui_wv_scrollright -id  Wave.1  page
gui_wv_scrollright -id  Wave.1  page
gui_wv_scrollright -id  Wave.1  page
gui_wv_scrollright -id  Wave.1  page
gui_wv_scroll_hslidermove -id  Wave.1 1621802442
gui_marker_move -id  Wave.1 C1 22760478169
gui_scroll -window Wave.1 -hrel -.2
gui_scroll -window Wave.1 -hrel .2
gui_scroll -window Wave.1 -hrel -.2
gui_scroll -window Wave.1 -hrel -.2
gui_scroll -window Wave.1 -hrel -.2
gui_scroll -window Wave.1 -hrel -.2
gui_scroll -window Wave.1 -hrel -.2
gui_scroll -window Wave.1 -hrel -.2
gui_scroll -window Wave.1 -hrel -.2
gui_scroll -window Wave.1 -hrel -.2
gui_scroll -window Wave.1 -hrel -.2
gui_scroll -window Wave.1 -hrel -.2
gui_scroll -window Wave.1 -hrel -.2
gui_scroll -window Wave.1 -hrel -.2
gui_scroll -window Wave.1 -hrel -.2
gui_scroll -window Wave.1 -hrel -.2
gui_scroll -window Wave.1 -hrel -.2
gui_scroll -window Wave.1 -hrel -.2
gui_scroll -window Wave.1 -hrel -.2
gui_scroll -window Wave.1 -hrel -.2
gui_scroll -window Wave.1 -hrel -.2
gui_scroll -window Wave.1 -hrel -.2
gui_scroll -window Wave.1 -hrel -.2
gui_scroll -window Wave.1 -hrel -.2
gui_scroll -window Wave.1 -hrel -.2
gui_scroll -window Wave.1 -hrel -.2
gui_scroll -window Wave.1 -hrel -.2
gui_scroll -window Wave.1 -hrel -.2
gui_scroll -window Wave.1 -hrel -.2
gui_scroll -window Wave.1 -hrel -.2
gui_scroll -window Wave.1 -hrel -.2
gui_scroll -window Wave.1 -hrel -.2
gui_scroll -window Wave.1 -hrel -.2
gui_scroll -window Wave.1 -hrel -.2
gui_scroll -window Wave.1 -hrel -.2
gui_scroll -window Wave.1 -hrel -.2
gui_scroll -window Wave.1 -hrel -.2
gui_scroll -window Wave.1 -hrel -.2
gui_scroll -window Wave.1 -hrel -.2
gui_scroll -window Wave.1 -hrel -.2
gui_scroll -window Wave.1 -hrel -.2
gui_scroll -window Wave.1 -hrel -.2
gui_scroll -window Wave.1 -hrel -.2
gui_scroll -window Wave.1 -hrel -.2
gui_scroll -window Wave.1 -hrel -.2
gui_scroll -window Wave.1 -hrel -.2
gui_scroll -window Wave.1 -hrel -.2
gui_scroll -window Wave.1 -hrel -.2
gui_scroll -window Wave.1 -hrel -.2
gui_scroll -window Wave.1 -hrel -.2
gui_scroll -window Wave.1 -hrel -.2
gui_scroll -window Wave.1 -hrel -.2
gui_scroll -window Wave.1 -hrel -.2
gui_scroll -window Wave.1 -hrel -.2
gui_wv_scroll_hslidermove -id  Wave.1 0
gui_list_select -id Data.1 -selected  { top_rast.rast.bbox.rst   }
gui_list_add -id Wave.1 -from Data.1 { top_rast.rast.bbox.rst } -insertionbar
gui_list_select -id Data.1 -selected  { top_rast.rast.bbox.clk   }
gui_list_action -id  Data.1 top_rast.rast.bbox.clk
gui_list_add -id Wave.1 -from Data.1 { top_rast.rast.bbox.clk } -insertionbar
