# Preference setting overrides
gui_create_pref_key -category {Globals} -key {load_detail_for_funcov} -value_type {bool} -value {false}

# State setting overrides
gui_state_default_create -off -ini
gui_set_state_value -category Globals -key recent_databases -value {{gui_open_db -file /home/users/andalex/Desktop/EE271/rasterizer-fall-2024/wave.vpd -design V1} {gui_open_db -file wave.vpd}}
gui_set_state_value -category Layout -key child_console_size_x -value 1535
gui_set_state_value -category Layout -key child_console_size_y -value 175
gui_set_state_value -category Layout -key child_data_coltype -value 113
gui_set_state_value -category Layout -key child_data_colvalue -value 105
gui_set_state_value -category Layout -key child_data_colvariable -value 210
gui_set_state_value -category Layout -key child_data_size_x -value 437
gui_set_state_value -category Layout -key child_data_size_y -value 361
gui_set_state_value -category Layout -key child_hier_col3 -value {-1}
gui_set_state_value -category Layout -key child_hier_colpd -value 0
gui_set_state_value -category Layout -key child_hier_size_x -value 170
gui_set_state_value -category Layout -key child_hier_size_y -value 361
gui_set_state_value -category Layout -key child_source_docknewline -value false
gui_set_state_value -category Layout -key child_source_pos_x -value {-2}
gui_set_state_value -category Layout -key child_source_pos_y -value {-15}
gui_set_state_value -category Layout -key child_source_size_x -value 931
gui_set_state_value -category Layout -key child_source_size_y -value 356
gui_set_state_value -category Layout -key child_wave_colname -value 211
gui_set_state_value -category Layout -key child_wave_colvalue -value 212
gui_set_state_value -category Layout -key child_wave_left -value 427
gui_set_state_value -category Layout -key child_wave_right -value 1043
gui_set_state_value -category Layout -key main_pos_x -value 0
gui_set_state_value -category Layout -key main_pos_y -value 51
gui_set_state_value -category Layout -key main_size_x -value 1535
gui_set_state_value -category Layout -key main_size_y -value 694
gui_set_state_value -category Layout -key stand_wave_child_docknewline -value false
gui_set_state_value -category Layout -key stand_wave_child_pos_x -value {-2}
gui_set_state_value -category Layout -key stand_wave_child_pos_y -value {-15}
gui_set_state_value -category Layout -key stand_wave_child_size_x -value 1480
gui_set_state_value -category Layout -key stand_wave_child_size_y -value 502
gui_set_state_value -category Layout -key stand_wave_top_pos_x -value 30
gui_set_state_value -category Layout -key stand_wave_top_pos_y -value 75
gui_set_state_value -category Layout -key stand_wave_top_size_x -value 1505
gui_set_state_value -category Layout -key stand_wave_top_size_y -value 689
gui_create_state_key -category FindDialog -key m_pMatchCase -value_type bool -value false
gui_create_state_key -category FindDialog -key m_pMatchWord -value_type bool -value false
gui_create_state_key -category FindDialog -key m_pUseCombo -value_type string -value {}
gui_create_state_key -category FindDialog -key m_pWrapAround -value_type bool -value true
gui_create_state_key -category Widget_History -key TopLevel.1|qt_left_dock|DockWnd2|DLPane.1|pages|Data.1|hbox|textfilter -value_type string -value valid
gui_state_default_create -off

# Begin command logging
gui_open_db -file wave.vpd
gui_list_expand -id  Hier.1   top_rast
gui_list_expand -id  Hier.1   top_rast.rast
gui_list_select -id Hier.1 -current_item_name top_rast.rast.bbox -current_item_type Scope  -selected  { top_rast.rast.bbox   }
gui_list_expand -id  Hier.1   top_rast.rast.bbox
gui_list_collapse -id  Hier.1   top_rast.rast.bbox
gui_list_select -id Data.1 -selected  { top_rast.rast.bbox.valid_triangle   }
gui_open_window Wave
gui_list_add -id Wave.1 -from Data.1 { top_rast.rast.bbox.valid_triangle } -insertionbar
gui_zoom -window Wave.1 -full
gui_zoom -window Wave.1 -factor 0.5
gui_zoom -window Wave.1 -factor 2
gui_list_select -id Wave.1 -selected  { top_rast.rast.bbox.valid_triangle   }
gui_list_select -id Wave.1 -selected  { Group1   }
gui_list_select -id Wave.1 -selected  { top_rast.rast.bbox.valid_triangle   }
gui_list_select -id Wave.1 -selected  { Group1   }
gui_list_select -id Wave.1 -selected  { top_rast.rast.bbox.valid_triangle   }
gui_list_select -id Wave.1 -selected  { Group1   }
gui_list_select -id Wave.1 -selected  { top_rast.rast.bbox.valid_triangle   }
gui_list_select -id Wave.1 -selected  { Group1   }
gui_list_select -id Wave.1 -selected  { top_rast.rast.bbox.valid_triangle   }
gui_list_select -id Wave.1 -selected  { Group1   }
gui_list_select -id Wave.1 -selected  { top_rast.rast.bbox.valid_triangle   }
